2020-05-24 17:23:38,082 - INFO - logger set up
2020-05-24 17:23:41,801 - INFO - Start Prerpocessing
2020-05-24 17:23:43,865 - INFO - Handling Missing Values
2020-05-24 17:23:45,001 - INFO - Start feature decomposition by PCA (100 features)
2020-05-24 17:24:02,646 - INFO - PCA explained variance ratio: [15.36325948 19.66917862 23.68625498 26.7293064  29.51717711 32.17595482
 34.46633808 36.63131443 38.71670414 40.71640119 42.68078677 44.44432746
 46.05215332 47.63159102 49.0720045  50.39719049 51.70596698 53.0031386
 54.22329626 55.41706938 56.58294717 57.65588489 58.70698535 59.75486683
 60.78657784 61.81223367 62.83757258 63.85907876 64.88027227 65.90050129
 66.91834473 67.93237599 68.9413564  69.9462455  70.94401474 71.93704221
 72.92321777 73.89449231 74.84806419 75.77979879 76.69441463 77.60324943
 78.50534044 79.39315857 80.26049586 81.12420629 81.97347543 82.81637038
 83.61530583 84.40636227 85.17571589 85.92808777 86.64612598 87.34500912
 88.03043764 88.70414478 89.32741614 89.92762588 90.5050817  91.06297268
 91.58785553 92.09725156 92.57248096 93.01277282 93.3855741  93.73328134
 94.06015182 94.35737758 94.64104987 94.89936378 95.15620076 95.41114691
 95.65534621 95.87345688 96.07904649 96.24168732 96.40088333 96.55566346
 96.70818139 96.85566595 97.00051475 97.14482846 97.27817417 97.40566123
 97.52892222 97.64453776 97.75960874 97.86189336 97.96332629 98.05843643
 98.14781862 98.22394778 98.29779854 98.36433485 98.430106   98.49104756
 98.54240783 98.59352021 98.64405078 98.69085293]
2020-05-24 17:24:03,196 - INFO - train shape: (307511, 101), test shape: (48744, 100)
2020-05-24 17:24:03,629 - INFO - Finish Preprocessing
